<?xml version="1.0" encoding="UTF-8"?>
<testsuite xmlns:xsi="http://www.w3.org/2001/XMLSchema-instance" xsi:noNamespaceSchemaLocation="https://maven.apache.org/surefire/maven-surefire-plugin/xsd/surefire-test-report-3.0.xsd" version="3.0" name="presenters.UserModelTest" time="0.104" tests="7" errors="1" skipped="0" failures="0">
  <properties>
[...]
</properties>
  <testcase name="updateUser_invalidCredentials_returnsFalse" classname="presenters.UserModelTest" time="0.013"/>
  <testcase name="addUser_true" classname="presenters.UserModelTest" time="0.024"/>
  <testcase name="authenticateUser_invalidCredentials_returnsNull" classname="presenters.UserModelTest" time="0.009"/>
  <testcase name="authenticateUser_validCredentials_returnsUser" classname="presenters.UserModelTest" time="0.008"/>
  <testcase name="updateUser_validCredentials_returnsTrue" classname="presenters.UserModelTest" time="0.024">
    <error message="Index 0 out of bounds for length 0" type="java.lang.IndexOutOfBoundsException"><![CDATA[java.lang.IndexOutOfBoundsException: Index 0 out of bounds for length 0
	at java.base/jdk.internal.util.Preconditions.outOfBounds(Preconditions.java:100)
	at java.base/jdk.internal.util.Preconditions.outOfBoundsCheckIndex(Preconditions.java:106)
	at java.base/jdk.internal.util.Preconditions.checkIndex(Preconditions.java:302)
	at java.base/java.util.Objects.checkIndex(Objects.java:365)
	at java.base/java.util.ArrayList.get(ArrayList.java:428)
	at presenters.UserModelTest.updateUser_validCredentials_returnsTrue(UserModelTest.java:107)
	at java.base/java.lang.reflect.Method.invoke(Method.java:580)
	at java.base/java.util.ArrayList.forEach(ArrayList.java:1597)
	at java.base/java.util.ArrayList.forEach(ArrayList.java:1597)
]]></error>
  </testcase>
  <testcase name="authenticateUser_emptyCredentials_returnsNull" classname="presenters.UserModelTest" time="0.009"/>
  <testcase name="addUser_false" classname="presenters.UserModelTest" time="0.0"/>
</testsuite>